kotlin version: 2.0.21
error message: org.jetbrains.kotlin.backend.common.BackendException: Backend Internal error: Exception during IR lowering
File being compiled: /home/saulo/AndroidStudioProjects/YouTubeMusicConnect/app/src/main/java/com/saulocastrodev/youtubemusicconnect/MainActivity.kt
The root cause java.lang.RuntimeException was thrown at: org.jetbrains.kotlin.backend.jvm.codegen.FunctionCodegen.generate(FunctionCodegen.kt:47)
	at org.jetbrains.kotlin.backend.common.CodegenUtil.reportBackendException(CodegenUtil.kt:253)
	at org.jetbrains.kotlin.backend.common.CodegenUtil.reportBackendException$default(CodegenUtil.kt:236)
	at org.jetbrains.kotlin.backend.common.phaser.PerformByIrFilePhase.invokeSequential(performByIrFile.kt:65)
	at org.jetbrains.kotlin.backend.common.phaser.PerformByIrFilePhase.invoke(performByIrFile.kt:52)
	at org.jetbrains.kotlin.backend.common.phaser.PerformByIrFilePhase.invoke(performByIrFile.kt:38)
	at org.jetbrains.kotlin.backend.common.phaser.NamedCompilerPhase.phaseBody(CompilerPhase.kt:166)
	at org.jetbrains.kotlin.backend.common.phaser.AbstractNamedCompilerPhase.invoke(CompilerPhase.kt:113)
	at org.jetbrains.kotlin.backend.common.phaser.CompositePhase.invoke(PhaseBuilders.kt:27)
	at org.jetbrains.kotlin.backend.common.phaser.CompositePhase.invoke(PhaseBuilders.kt:14)
	at org.jetbrains.kotlin.backend.common.phaser.NamedCompilerPhase.phaseBody(CompilerPhase.kt:166)
	at org.jetbrains.kotlin.backend.common.phaser.AbstractNamedCompilerPhase.invoke(CompilerPhase.kt:113)
	at org.jetbrains.kotlin.backend.common.phaser.CompilerPhaseKt.invokeToplevel(CompilerPhase.kt:62)
	at org.jetbrains.kotlin.backend.jvm.JvmIrCodegenFactory.invokeCodegen(JvmIrCodegenFactory.kt:371)
	at org.jetbrains.kotlin.codegen.CodegenFactory.generateModule(CodegenFactory.kt:47)
	at org.jetbrains.kotlin.backend.jvm.JvmIrCodegenFactory.generateModuleInFrontendIRMode(JvmIrCodegenFactory.kt:433)
	at org.jetbrains.kotlin.cli.jvm.compiler.pipeline.JvmCompilerPipelineKt.generateCodeFromIr(jvmCompilerPipeline.kt:246)
	at org.jetbrains.kotlin.cli.jvm.compiler.pipeline.JvmCompilerPipelineKt.compileModulesUsingFrontendIrAndLightTree(jvmCompilerPipeline.kt:142)
	at org.jetbrains.kotlin.cli.jvm.K2JVMCompiler.doExecute(K2JVMCompiler.kt:148)
	at org.jetbrains.kotlin.cli.jvm.K2JVMCompiler.doExecute(K2JVMCompiler.kt:43)
	at org.jetbrains.kotlin.cli.common.CLICompiler.execImpl(CLICompiler.kt:103)
	at org.jetbrains.kotlin.cli.common.CLICompiler.execImpl(CLICompiler.kt:49)
	at org.jetbrains.kotlin.cli.common.CLITool.exec(CLITool.kt:101)
	at org.jetbrains.kotlin.incremental.IncrementalJvmCompilerRunner.runCompiler(IncrementalJvmCompilerRunner.kt:464)
	at org.jetbrains.kotlin.incremental.IncrementalJvmCompilerRunner.runCompiler(IncrementalJvmCompilerRunner.kt:73)
	at org.jetbrains.kotlin.incremental.IncrementalCompilerRunner.doCompile(IncrementalCompilerRunner.kt:506)
	at org.jetbrains.kotlin.incremental.IncrementalCompilerRunner.compileImpl(IncrementalCompilerRunner.kt:423)
	at org.jetbrains.kotlin.incremental.IncrementalCompilerRunner.compileNonIncrementally(IncrementalCompilerRunner.kt:301)
	at org.jetbrains.kotlin.incremental.IncrementalCompilerRunner.compile(IncrementalCompilerRunner.kt:129)
	at org.jetbrains.kotlin.daemon.CompileServiceImplBase.execIncrementalCompiler(CompileServiceImpl.kt:675)
	at org.jetbrains.kotlin.daemon.CompileServiceImplBase.access$execIncrementalCompiler(CompileServiceImpl.kt:92)
	at org.jetbrains.kotlin.daemon.CompileServiceImpl.compile(CompileServiceImpl.kt:1660)
	at java.base/jdk.internal.reflect.DirectMethodHandleAccessor.invoke(Unknown Source)
	at java.base/java.lang.reflect.Method.invoke(Unknown Source)
	at java.rmi/sun.rmi.server.UnicastServerRef.dispatch(Unknown Source)
	at java.rmi/sun.rmi.transport.Transport$1.run(Unknown Source)
	at java.rmi/sun.rmi.transport.Transport$1.run(Unknown Source)
	at java.base/java.security.AccessController.doPrivileged(Unknown Source)
	at java.rmi/sun.rmi.transport.Transport.serviceCall(Unknown Source)
	at java.rmi/sun.rmi.transport.tcp.TCPTransport.handleMessages(Unknown Source)
	at java.rmi/sun.rmi.transport.tcp.TCPTransport$ConnectionHandler.run0(Unknown Source)
	at java.rmi/sun.rmi.transport.tcp.TCPTransport$ConnectionHandler.lambda$run$0(Unknown Source)
	at java.base/java.security.AccessController.doPrivileged(Unknown Source)
	at java.rmi/sun.rmi.transport.tcp.TCPTransport$ConnectionHandler.run(Unknown Source)
	at java.base/java.util.concurrent.ThreadPoolExecutor.runWorker(Unknown Source)
	at java.base/java.util.concurrent.ThreadPoolExecutor$Worker.run(Unknown Source)
	at java.base/java.lang.Thread.run(Unknown Source)
Caused by: java.lang.RuntimeException: Exception while generating code for:
FUN name:MainScreen visibility:public modality:FINAL <> ($this:com.saulocastrodev.youtubemusicconnect.MainActivity) returnType:kotlin.Unit
  annotations:
    Composable
  $this: VALUE_PARAMETER name:<this> type:com.saulocastrodev.youtubemusicconnect.MainActivity
  BLOCK_BODY
    CALL 'public final fun Column (modifier: androidx.compose.ui.Modifier, verticalArrangement: androidx.compose.foundation.layout.Arrangement.Vertical, horizontalAlignment: androidx.compose.ui.Alignment.Horizontal, content: @[Composable] @[ExtensionFunctionType] kotlin.Function1<androidx.compose.foundation.layout.ColumnScope, kotlin.Unit>): kotlin.Unit [inline] declared in androidx.compose.foundation.layout.ColumnKt' type=kotlin.Unit origin=null
      modifier: CALL 'public final fun fillMaxSize$default (fraction: kotlin.Float, $mask0: kotlin.Int, $handler: kotlin.Any?): androidx.compose.ui.Modifier declared in androidx.compose.foundation.layout.SizeKt' type=androidx.compose.ui.Modifier origin=DEFAULT_DISPATCH_CALL
        $receiver: GET_FIELD 'FIELD FIELD_FOR_OBJECT_INSTANCE name:Companion type:androidx.compose.ui.Modifier.Companion visibility:public [final,static] declared in androidx.compose.ui.Modifier' type=androidx.compose.ui.Modifier.Companion origin=null
        fraction: COMPOSITE type=kotlin.Float origin=DEFAULT_VALUE
          CONST Float type=kotlin.Float value=0.0
        $mask0: CONST Int type=kotlin.Int value=1
        $handler: CONST Null type=kotlin.Any? value=null
      verticalArrangement: CALL 'public final fun <get-Center> (): androidx.compose.foundation.layout.Arrangement.HorizontalOrVertical declared in androidx.compose.foundation.layout.Arrangement' type=androidx.compose.foundation.layout.Arrangement.HorizontalOrVertical origin=GET_PROPERTY
        $this: GET_FIELD 'FIELD FIELD_FOR_OBJECT_INSTANCE name:INSTANCE type:androidx.compose.foundation.layout.Arrangement visibility:public [final,static] declared in androidx.compose.foundation.layout.Arrangement' type=androidx.compose.foundation.layout.Arrangement origin=null
      horizontalAlignment: CALL 'public final fun <get-CenterHorizontally> (): androidx.compose.ui.Alignment.Horizontal declared in androidx.compose.ui.Alignment.Companion' type=androidx.compose.ui.Alignment.Horizontal origin=GET_PROPERTY
        $this: GET_FIELD 'FIELD FIELD_FOR_OBJECT_INSTANCE name:Companion type:androidx.compose.ui.Alignment.Companion visibility:public [final,static] declared in androidx.compose.ui.Alignment' type=androidx.compose.ui.Alignment.Companion origin=null
      content: BLOCK type=@[ExtensionFunctionType] kotlin.Function1<androidx.compose.foundation.layout.ColumnScope, kotlin.Unit> origin=LAMBDA
        COMPOSITE type=kotlin.Unit origin=null
        FUNCTION_REFERENCE 'private final fun MainScreen$lambda$9 (this$0: com.saulocastrodev.youtubemusicconnect.MainActivity): kotlin.Unit declared in com.saulocastrodev.youtubemusicconnect.MainActivity' type=@[ExtensionFunctionType] kotlin.Function1<androidx.compose.foundation.layout.ColumnScope, kotlin.Unit> origin=INLINE_LAMBDA reflectionTarget=null
          this$0: GET_VAR '<this>: com.saulocastrodev.youtubemusicconnect.MainActivity declared in com.saulocastrodev.youtubemusicconnect.MainActivity.MainScreen' type=com.saulocastrodev.youtubemusicconnect.MainActivity origin=null

	at org.jetbrains.kotlin.backend.jvm.codegen.FunctionCodegen.generate(FunctionCodegen.kt:47)
	at org.jetbrains.kotlin.backend.jvm.codegen.FunctionCodegen.generate$default(FunctionCodegen.kt:40)
	at org.jetbrains.kotlin.backend.jvm.codegen.ClassCodegen.generateMethodNode(ClassCodegen.kt:406)
	at org.jetbrains.kotlin.backend.jvm.codegen.ClassCodegen.generateMethod(ClassCodegen.kt:423)
	at org.jetbrains.kotlin.backend.jvm.codegen.ClassCodegen.generate(ClassCodegen.kt:168)
	at org.jetbrains.kotlin.backend.jvm.FileCodegen.lower(JvmPhases.kt:39)
	at org.jetbrains.kotlin.backend.common.phaser.PhaseFactoriesKt.createFilePhase$lambda$4(PhaseFactories.kt:71)
	at org.jetbrains.kotlin.backend.common.phaser.PhaseBuildersKt$createSimpleNamedCompilerPhase$1.phaseBody(PhaseBuilders.kt:69)
	at org.jetbrains.kotlin.backend.common.phaser.SimpleNamedCompilerPhase.phaseBody(CompilerPhase.kt:226)
	at org.jetbrains.kotlin.backend.common.phaser.AbstractNamedCompilerPhase.invoke(CompilerPhase.kt:113)
	at org.jetbrains.kotlin.backend.common.phaser.PerformByIrFilePhase.invokeSequential(performByIrFile.kt:62)
	... 43 more
Caused by: java.lang.RuntimeException: Exception while generating code for:
FUN INLINE_LAMBDA name:MainScreen$lambda$9 visibility:private modality:FINAL <> ($receiver:androidx.compose.foundation.layout.ColumnScope, this$0:com.saulocastrodev.youtubemusicconnect.MainActivity) returnType:kotlin.Unit
  $receiver: VALUE_PARAMETER name:$this$Column type:androidx.compose.foundation.layout.ColumnScope
  VALUE_PARAMETER BOUND_VALUE_PARAMETER name:this$0 index:0 type:com.saulocastrodev.youtubemusicconnect.MainActivity
  BLOCK_BODY
    VAR name:$i$a$-Column-MainActivity$MainScreen$1 type:kotlin.Int [val]
      CONST Int type=kotlin.Int value=0
    CALL 'public final fun Text-80ic1_w$default (text: kotlin.String, modifier: androidx.compose.ui.Modifier?, color: androidx.compose.ui.graphics.Color, fontSize: androidx.compose.ui.unit.TextUnit, fontStyle: androidx.compose.ui.text.font.FontStyle?, fontWeight: androidx.compose.ui.text.font.FontWeight?, fontFamily: androidx.compose.ui.text.font.FontFamily?, letterSpacing: androidx.compose.ui.unit.TextUnit, textDecoration: androidx.compose.ui.text.style.TextDecoration?, textAlign: androidx.compose.ui.text.style.TextAlign?, lineHeight: androidx.compose.ui.unit.TextUnit, overflow: androidx.compose.ui.text.style.TextOverflow, softWrap: kotlin.Boolean, maxLines: kotlin.Int, minLines: kotlin.Int, onTextLayout: kotlin.Function1<androidx.compose.ui.text.TextLayoutResult, kotlin.Unit>?, style: androidx.compose.ui.text.TextStyle?, $mask0: kotlin.Int, $handler: kotlin.Any?): kotlin.Unit declared in androidx.compose.material3.TextKt' type=kotlin.Unit origin=DEFAULT_DISPATCH_CALL
      text: STRING_CONCATENATION type=kotlin.String
        CONST String type=kotlin.String value="Now Playing: "
        CALL 'public final fun <get-title> (): kotlin.String declared in com.saulocastrodev.youtubemusicconnect.MusicMetadata' type=kotlin.String origin=GET_PROPERTY
          $this: CALL 'private final fun <get-metadata> (): com.saulocastrodev.youtubemusicconnect.MusicMetadata declared in com.saulocastrodev.youtubemusicconnect.MainActivity' type=com.saulocastrodev.youtubemusicconnect.MusicMetadata origin=GET_PROPERTY
            $this: GET_VAR 'this$0: com.saulocastrodev.youtubemusicconnect.MainActivity declared in com.saulocastrodev.youtubemusicconnect.MainActivity.MainScreen$lambda$9' type=com.saulocastrodev.youtubemusicconnect.MainActivity origin=null
      modifier: COMPOSITE type=androidx.compose.ui.Modifier? origin=DEFAULT_VALUE
        CONST Null type=androidx.compose.ui.Modifier? value=null
      color: COMPOSITE type=androidx.compose.ui.graphics.Color origin=DEFAULT_VALUE
        CALL 'public final fun <unsafe-coerce> <T, R> (v: T of kotlin.jvm.internal.<unsafe-coerce>): R of kotlin.jvm.internal.<unsafe-coerce> declared in kotlin.jvm.internal' type=androidx.compose.ui.graphics.Color origin=null
          <T>: kotlin.Long
          <R>: androidx.compose.ui.graphics.Color
          v: CONST Long type=kotlin.Long value=0
      fontSize: COMPOSITE type=androidx.compose.ui.unit.TextUnit origin=DEFAULT_VALUE
        CALL 'public final fun <unsafe-coerce> <T, R> (v: T of kotlin.jvm.internal.<unsafe-coerce>): R of kotlin.jvm.internal.<unsafe-coerce> declared in kotlin.jvm.internal' type=androidx.compose.ui.unit.TextUnit origin=null
          <T>: kotlin.Long
          <R>: androidx.compose.ui.unit.TextUnit
          v: CONST Long type=kotlin.Long value=0
      fontStyle: COMPOSITE type=androidx.compose.ui.text.font.FontStyle? origin=DEFAULT_VALUE
        CONST Null type=androidx.compose.ui.text.font.FontStyle? value=null
      fontWeight: COMPOSITE type=androidx.compose.ui.text.font.FontWeight? origin=DEFAULT_VALUE
        CONST Null type=androidx.compose.ui.text.font.FontWeight? value=null
      fontFamily: COMPOSITE type=androidx.compose.ui.text.font.FontFamily? origin=DEFAULT_VALUE
        CONST Null type=androidx.compose.ui.text.font.FontFamily? value=null
      letterSpacing: COMPOSITE type=androidx.compose.ui.unit.TextUnit origin=DEFAULT_VALUE
        CALL 'public final fun <unsafe-coerce> <T, R> (v: T of kotlin.jvm.internal.<unsafe-coerce>): R of kotlin.jvm.internal.<unsafe-coerce> declared in kotlin.jvm.internal' type=androidx.compose.ui.unit.TextUnit origin=null
          <T>: kotlin.Long
          <R>: androidx.compose.ui.unit.TextUnit
          v: CONST Long type=kotlin.Long value=0
      textDecoration: COMPOSITE type=androidx.compose.ui.text.style.TextDecoration? origin=DEFAULT_VALUE
        CONST Null type=androidx.compose.ui.text.style.TextDecoration? value=null
      textAlign: COMPOSITE type=androidx.compose.ui.text.style.TextAlign? origin=DEFAULT_VALUE
        CONST Null type=androidx.compose.ui.text.style.TextAlign? value=null
      lineHeight: COMPOSITE type=androidx.compose.ui.unit.TextUnit origin=DEFAULT_VALUE
        CALL 'public final fun <unsafe-coerce> <T, R> (v: T of kotlin.jvm.internal.<unsafe-coerce>): R of kotlin.jvm.internal.<unsafe-coerce> declared in kotlin.jvm.internal' type=androidx.compose.ui.unit.TextUnit origin=null
          <T>: kotlin.Long
          <R>: androidx.compose.ui.unit.TextUnit
          v: CONST Long type=kotlin.Long value=0
      overflow: COMPOSITE type=androidx.compose.ui.text.style.TextOverflow origin=DEFAULT_VALUE
        CALL 'public final fun <unsafe-coerce> <T, R> (v: T of kotlin.jvm.internal.<unsafe-coerce>): R of kotlin.jvm.internal.<unsafe-coerce> declared in kotlin.jvm.internal' type=androidx.compose.ui.text.style.TextOverflow origin=null
          <T>: kotlin.Int
          <R>: androidx.compose.ui.text.style.TextOverflow
          v: CONST Int type=kotlin.Int value=0
      softWrap: COMPOSITE type=kotlin.Boolean origin=DEFAULT_VALUE
        CONST Boolean type=kotlin.Boolean value=false
      maxLines: COMPOSITE type=kotlin.Int origin=DEFAULT_VALUE
        CONST Int type=kotlin.Int value=0
      minLines: COMPOSITE type=kotlin.Int origin=DEFAULT_VALUE
        CONST Int type=kotlin.Int value=0
      onTextLayout: COMPOSITE type=kotlin.Function1<androidx.compose.ui.text.TextLayoutResult, kotlin.Unit>? origin=DEFAULT_VALUE
        CONST Null type=kotlin.Function1<androidx.compose.ui.text.TextLayoutResult, kotlin.Unit>? value=null
      style: COMPOSITE type=androidx.compose.ui.text.TextStyle? origin=DEFAULT_VALUE
        CONST Null type=androidx.compose.ui.text.TextStyle? value=null
      $mask0: CONST Int type=kotlin.Int value=131070
      $handler: CONST Null type=kotlin.Any? value=null
    CALL 'public final fun Text-80ic1_w$default (text: kotlin.String, modifier: androidx.compose.ui.Modifier?, color: androidx.compose.ui.graphics.Color, fontSize: androidx.compose.ui.unit.TextUnit, fontStyle: androidx.compose.ui.text.font.FontStyle?, fontWeight: androidx.compose.ui.text.font.FontWeight?, fontFamily: androidx.compose.ui.text.font.FontFamily?, letterSpacing: androidx.compose.ui.unit.TextUnit, textDecoration: androidx.compose.ui.text.style.TextDecoration?, textAlign: androidx.compose.ui.text.style.TextAlign?, lineHeight: androidx.compose.ui.unit.TextUnit, overflow: androidx.compose.ui.text.style.TextOverflow, softWrap: kotlin.Boolean, maxLines: kotlin.Int, minLines: kotlin.Int, onTextLayout: kotlin.Function1<androidx.compose.ui.text.TextLayoutResult, kotlin.Unit>?, style: androidx.compose.ui.text.TextStyle?, $mask0: kotlin.Int, $handler: kotlin.Any?): kotlin.Unit declared in androidx.compose.material3.TextKt' type=kotlin.Unit origin=DEFAULT_DISPATCH_CALL
      text: STRING_CONCATENATION type=kotlin.String
        CONST String type=kotlin.String value="Artist: "
        CALL 'public final fun <get-artist> (): kotlin.String declared in com.saulocastrodev.youtubemusicconnect.MusicMetadata' type=kotlin.String origin=GET_PROPERTY
          $this: CALL 'private final fun <get-metadata> (): com.saulocastrodev.youtubemusicconnect.MusicMetadata declared in com.saulocastrodev.youtubemusicconnect.MainActivity' type=com.saulocastrodev.youtubemusicconnect.MusicMetadata origin=GET_PROPERTY
            $this: GET_VAR 'this$0: com.saulocastrodev.youtubemusicconnect.MainActivity declared in com.saulocastrodev.youtubemusicconnect.MainActivity.MainScreen$lambda$9' type=com.saulocastrodev.youtubemusicconnect.MainActivity origin=null
      modifier: COMPOSITE type=androidx.compose.ui.Modifier? origin=DEFAULT_VALUE
        CONST Null type=androidx.compose.ui.Modifier? value=null
      color: COMPOSITE type=androidx.compose.ui.graphics.Color origin=DEFAULT_VALUE
        CALL 'public final fun <unsafe-coerce> <T, R> (v: T of kotlin.jvm.internal.<unsafe-coerce>): R of kotlin.jvm.internal.<unsafe-coerce> declared in kotlin.jvm.internal' type=androidx.compose.ui.graphics.Color origin=null
          <T>: kotlin.Long
          <R>: androidx.compose.ui.graphics.Color
          v: CONST Long type=kotlin.Long value=0
      fontSize: COMPOSITE type=androidx.compose.ui.unit.TextUnit origin=DEFAULT_VALUE
        CALL 'public final fun <unsafe-coerce> <T, R> (v: T of kotlin.jvm.internal.<unsafe-coerce>): R of kotlin.jvm.internal.<unsafe-coerce> declared in kotlin.jvm.internal' type=androidx.compose.ui.unit.TextUnit origin=null
          <T>: kotlin.Long
          <R>: androidx.compose.ui.unit.TextUnit
          v: CONST Long type=kotlin.Long value=0
      fontStyle: COMPOSITE type=androidx.compose.ui.text.font.FontStyle? origin=DEFAULT_VALUE
        CONST Null type=androidx.compose.ui.text.font.FontStyle? value=null
      fontWeight: COMPOSITE type=androidx.compose.ui.text.font.FontWeight? origin=DEFAULT_VALUE
        CONST Null type=androidx.compose.ui.text.font.FontWeight? value=null
      fontFamily: COMPOSITE type=androidx.compose.ui.text.font.FontFamily? origin=DEFAULT_VALUE
        CONST Null type=androidx.compose.ui.text.font.FontFamily? value=null
      letterSpacing: COMPOSITE type=androidx.compose.ui.unit.TextUnit origin=DEFAULT_VALUE
        CALL 'public final fun <unsafe-coerce> <T, R> (v: T of kotlin.jvm.internal.<unsafe-coerce>): R of kotlin.jvm.internal.<unsafe-coerce> declared in kotlin.jvm.internal' type=androidx.compose.ui.unit.TextUnit origin=null
          <T>: kotlin.Long
          <R>: androidx.compose.ui.unit.TextUnit
          v: CONST Long type=kotlin.Long value=0
      textDecoration: COMPOSITE type=androidx.compose.ui.text.style.TextDecoration? origin=DEFAULT_VALUE
        CONST Null type=androidx.compose.ui.text.style.TextDecoration? value=null
      textAlign: COMPOSITE type=androidx.compose.ui.text.style.TextAlign? origin=DEFAULT_VALUE
        CONST Null type=androidx.compose.ui.text.style.TextAlign? value=null
      lineHeight: COMPOSITE type=androidx.compose.ui.unit.TextUnit origin=DEFAULT_VALUE
        CALL 'public final fun <unsafe-coerce> <T, R> (v: T of kotlin.jvm.internal.<unsafe-coerce>): R of kotlin.jvm.internal.<unsafe-coerce> declared in kotlin.jvm.internal' type=androidx.compose.ui.unit.TextUnit origin=null
          <T>: kotlin.Long
          <R>: androidx.compose.ui.unit.TextUnit
          v: CONST Long type=kotlin.Long value=0
      overflow: COMPOSITE type=androidx.compose.ui.text.style.TextOverflow origin=DEFAULT_VALUE
        CALL 'public final fun <unsafe-coerce> <T, R> (v: T of kotlin.jvm.internal.<unsafe-coerce>): R of kotlin.jvm.internal.<unsafe-coerce> declared in kotlin.jvm.internal' type=androidx.compose.ui.text.style.TextOverflow origin=null
          <T>: kotlin.Int
          <R>: androidx.compose.ui.text.style.TextOverflow
          v: CONST Int type=kotlin.Int value=0
      softWrap: COMPOSITE type=kotlin.Boolean origin=DEFAULT_VALUE
        CONST Boolean type=kotlin.Boolean value=false
      maxLines: COMPOSITE type=kotlin.Int origin=DEFAULT_VALUE
        CONST Int type=kotlin.Int value=0
      minLines: COMPOSITE type=kotlin.Int origin=DEFAULT_VALUE
        CONST Int type=kotlin.Int value=0
      onTextLayout: COMPOSITE type=kotlin.Function1<androidx.compose.ui.text.TextLayoutResult, kotlin.Unit>? origin=DEFAULT_VALUE
        CONST Null type=kotlin.Function1<androidx.compose.ui.text.TextLayoutResult, kotlin.Unit>? value=null
      style: COMPOSITE type=androidx.compose.ui.text.TextStyle? origin=DEFAULT_VALUE
        CONST Null type=androidx.compose.ui.text.TextStyle? value=null
      $mask0: CONST Int type=kotlin.Int value=131070
      $handler: CONST Null type=kotlin.Any? value=null
    COMPOSITE type=kotlin.Unit origin=null
      BLOCK type=kotlin.Unit? origin=FOLDED_SAFE_CALL
        WHEN type=kotlin.Unit? origin=FOLDED_SAFE_CALL
          BRANCH
            if: COMPOSITE type=kotlin.Boolean origin=null
              VAR IR_TEMPORARY_VARIABLE name:tmp0_safe_receiver type:kotlin.String? [val]
                CALL 'public final fun <get-albumArt> (): kotlin.String? declared in com.saulocastrodev.youtubemusicconnect.MusicMetadata' type=kotlin.String? origin=GET_PROPERTY
                  $this: CALL 'private final fun <get-metadata> (): com.saulocastrodev.youtubemusicconnect.MusicMetadata declared in com.saulocastrodev.youtubemusicconnect.MainActivity' type=com.saulocastrodev.youtubemusicconnect.MusicMetadata origin=GET_PROPERTY
                    $this: GET_VAR 'this$0: com.saulocastrodev.youtubemusicconnect.MainActivity declared in com.saulocastrodev.youtubemusicconnect.MainActivity.MainScreen$lambda$9' type=com.saulocastrodev.youtubemusicconnect.MainActivity origin=null
              CALL 'public final fun not (): kotlin.Boolean [operator] declared in kotlin.Boolean' type=kotlin.Boolean origin=null
                $this: CALL 'public final fun EQEQ (arg0: kotlin.Any?, arg1: kotlin.Any?): kotlin.Boolean declared in kotlin.internal.ir' type=kotlin.Boolean origin=null
                  arg0: GET_VAR 'val tmp0_safe_receiver: kotlin.String? [val] declared in com.saulocastrodev.youtubemusicconnect.MainActivity.MainScreen$lambda$9' type=kotlin.String? origin=null
                  arg1: CONST Null type=kotlin.Nothing? value=null
            then: CALL 'public final fun let <T, R> (block: kotlin.Function1<T of kotlin.StandardKt.let, R of kotlin.StandardKt.let>): R of kotlin.StandardKt.let [inline] declared in kotlin.StandardKt' type=kotlin.Unit origin=null
              <T>: kotlin.String
              <R>: kotlin.Unit
              $receiver: GET_VAR 'val tmp0_safe_receiver: kotlin.String? [val] declared in com.saulocastrodev.youtubemusicconnect.MainActivity.MainScreen$lambda$9' type=kotlin.String? origin=null
              block: BLOCK type=kotlin.Function1<kotlin.String, kotlin.Unit> origin=LAMBDA
                COMPOSITE type=kotlin.Unit origin=null
                FUNCTION_REFERENCE 'private final fun MainScreen$lambda$9$lambda$1 (this$0: com.saulocastrodev.youtubemusicconnect.MainActivity, it: kotlin.String): kotlin.Unit declared in com.saulocastrodev.youtubemusicconnect.MainActivity' type=kotlin.Function1<kotlin.String, kotlin.Unit> origin=INLINE_LAMBDA reflectionTarget=null
                  this$0: GET_VAR 'this$0: com.saulocastrodev.youtubemusicconnect.MainActivity declared in com.saulocastrodev.youtubemusicconnect.MainActivity.MainScreen$lambda$9' type=com.saulocastrodev.youtubemusicconnect.MainActivity origin=null
          BRANCH
            if: CONST Boolean type=kotlin.Boolean value=true
            then: CONST Null type=kotlin.Nothing? value=null
    CALL 'public final fun Row$default (modifier: androidx.compose.ui.Modifier?, horizontalArrangement: androidx.compose.foundation.layout.Arrangement.Horizontal?, verticalAlignment: androidx.compose.ui.Alignment.Vertical?, content: @[Composable] @[ExtensionFunctionType] kotlin.Function1<androidx.compose.foundation.layout.RowScope, kotlin.Unit>, $mask0: kotlin.Int, $handler: kotlin.Any?): kotlin.Unit [inline] declared in androidx.compose.foundation.layout.RowKt' type=kotlin.Unit origin=DEFAULT_DISPATCH_CALL
      modifier: COMPOSITE type=androidx.compose.ui.Modifier? origin=DEFAULT_VALUE
        CONST Null type=androidx.compose.ui.Modifier? value=null
      horizontalArrangement: COMPOSITE type=androidx.compose.foundation.layout.Arrangement.Horizontal? origin=DEFAULT_VALUE
        CONST Null type=androidx.compose.foundation.layout.Arrangement.Horizontal? value=null
      verticalAlignment: COMPOSITE type=androidx.compose.ui.Alignment.Vertical? origin=DEFAULT_VALUE
        CONST Null type=androidx.compose.ui.Alignment.Vertical? value=null
      content: BLOCK type=@[ExtensionFunctionType] kotlin.Function1<androidx.compose.foundation.layout.RowScope, kotlin.Unit> origin=LAMBDA
        COMPOSITE type=kotlin.Unit origin=null
        FUNCTION_REFERENCE 'private final fun MainScreen$lambda$9$lambda$8 (this$0: com.saulocastrodev.youtubemusicconnect.MainActivity): kotlin.Unit declared in com.saulocastrodev.youtubemusicconnect.MainActivity' type=@[ExtensionFunctionType] kotlin.Function1<androidx.compose.foundation.layout.RowScope, kotlin.Unit> origin=INLINE_LAMBDA reflectionTarget=null
          this$0: GET_VAR 'this$0: com.saulocastrodev.youtubemusicconnect.MainActivity declared in com.saulocastrodev.youtubemusicconnect.MainActivity.MainScreen$lambda$9' type=com.saulocastrodev.youtubemusicconnect.MainActivity origin=null
      $mask0: CONST Int type=kotlin.Int value=7
      $handler: CONST Null type=kotlin.Any? value=null

	at org.jetbrains.kotlin.backend.jvm.codegen.FunctionCodegen.generate(FunctionCodegen.kt:47)
	at org.jetbrains.kotlin.backend.jvm.codegen.IrSourceCompilerForInline.generateLambdaBody(IrSourceCompilerForInline.kt:67)
	at org.jetbrains.kotlin.codegen.inline.ExpressionLambda.generateLambdaBody(LambdaInfo.kt:72)
	at org.jetbrains.kotlin.backend.jvm.codegen.IrInlineCodegen.genValueAndPut(IrInlineCodegen.kt:100)
	at org.jetbrains.kotlin.backend.jvm.codegen.ExpressionCodegen.visitCall$handleParameter(ExpressionCodegen.kt:616)
	at org.jetbrains.kotlin.backend.jvm.codegen.ExpressionCodegen.visitCall(ExpressionCodegen.kt:644)
	at org.jetbrains.kotlin.backend.jvm.codegen.ExpressionCodegen.visitCall(ExpressionCodegen.kt:138)
	at org.jetbrains.kotlin.ir.expressions.IrCall.accept(IrCall.kt:24)
	at org.jetbrains.kotlin.backend.jvm.codegen.ExpressionCodegen.visitStatementContainer(ExpressionCodegen.kt:579)
	at org.jetbrains.kotlin.backend.jvm.codegen.ExpressionCodegen.visitBlockBody(ExpressionCodegen.kt:584)
	at org.jetbrains.kotlin.backend.jvm.codegen.ExpressionCodegen.visitBlockBody(ExpressionCodegen.kt:138)
	at org.jetbrains.kotlin.ir.expressions.IrBlockBody.accept(IrBlockBody.kt:20)
	at org.jetbrains.kotlin.backend.jvm.codegen.ExpressionCodegen.generate(ExpressionCodegen.kt:240)
	at org.jetbrains.kotlin.backend.jvm.codegen.FunctionCodegen.doGenerate(FunctionCodegen.kt:123)
	at org.jetbrains.kotlin.backend.jvm.codegen.FunctionCodegen.generate(FunctionCodegen.kt:44)
	... 53 more
Caused by: org.jetbrains.kotlin.codegen.CompilationException: Back-end (JVM) Internal error: Couldn't inline method call: CALL 'public final fun Row$default (modifier: androidx.compose.ui.Modifier?, horizontalArrangement: androidx.compose.foundation.layout.Arrangement.Horizontal?, verticalAlignment: androidx.compose.ui.Alignment.Vertical?, content: @[Composable] @[ExtensionFunctionType] kotlin.Function1<androidx.compose.foundation.layout.RowScope, kotlin.Unit>, $mask0: kotlin.Int, $handler: kotlin.Any?): kotlin.Unit [inline] declared in androidx.compose.foundation.layout.RowKt' type=kotlin.Unit origin=DEFAULT_DISPATCH_CALL
Method: null
File is unknown
The root cause java.lang.IllegalStateException was thrown at: org.jetbrains.kotlin.codegen.inline.SourceCompilerForInlineKt.getMethodNode(SourceCompilerForInline.kt:118)
	at org.jetbrains.kotlin.codegen.inline.InlineCodegen.performInline(InlineCodegen.kt:65)
	at org.jetbrains.kotlin.backend.jvm.codegen.IrInlineCodegen.genInlineCall(IrInlineCodegen.kt:163)
	at org.jetbrains.kotlin.backend.jvm.codegen.IrInlineCallGenerator.genCall(IrInlineCallGenerator.kt:36)
	at org.jetbrains.kotlin.backend.jvm.codegen.ExpressionCodegen.visitCall(ExpressionCodegen.kt:653)
	at org.jetbrains.kotlin.backend.jvm.codegen.ExpressionCodegen.visitCall(ExpressionCodegen.kt:138)
	at org.jetbrains.kotlin.ir.expressions.IrCall.accept(IrCall.kt:24)
	at org.jetbrains.kotlin.backend.jvm.codegen.ExpressionCodegen.visitStatementContainer(ExpressionCodegen.kt:579)
	at org.jetbrains.kotlin.backend.jvm.codegen.ExpressionCodegen.visitBlockBody(ExpressionCodegen.kt:584)
	at org.jetbrains.kotlin.backend.jvm.codegen.ExpressionCodegen.visitBlockBody(ExpressionCodegen.kt:138)
	at org.jetbrains.kotlin.ir.expressions.IrBlockBody.accept(IrBlockBody.kt:20)
	at org.jetbrains.kotlin.backend.jvm.codegen.ExpressionCodegen.generate(ExpressionCodegen.kt:240)
	at org.jetbrains.kotlin.backend.jvm.codegen.FunctionCodegen.doGenerate(FunctionCodegen.kt:123)
	at org.jetbrains.kotlin.backend.jvm.codegen.FunctionCodegen.generate(FunctionCodegen.kt:44)
	... 67 more
Caused by: java.lang.IllegalStateException: couldn't find inline method Landroidx/compose/foundation/layout/RowKt;.Row$default(Landroidx/compose/ui/Modifier;Landroidx/compose/foundation/layout/Arrangement$Horizontal;Landroidx/compose/ui/Alignment$Vertical;Lkotlin/jvm/functions/Function1;ILjava/lang/Object;)V
	at org.jetbrains.kotlin.codegen.inline.SourceCompilerForInlineKt.getMethodNode(SourceCompilerForInline.kt:118)
	at org.jetbrains.kotlin.codegen.inline.SourceCompilerForInlineKt.loadCompiledInlineFunction(SourceCompilerForInline.kt:96)
	at org.jetbrains.kotlin.backend.jvm.codegen.IrSourceCompilerForInline.compileInlineFunction(IrSourceCompilerForInline.kt:91)
	at org.jetbrains.kotlin.codegen.inline.InlineCodegen.compileInline(InlineCodegen.kt:43)
	at org.jetbrains.kotlin.codegen.inline.InlineCodegen.performInline(InlineCodegen.kt:51)
	... 79 more


